c:\users\jbhifi\desktop\consoleapplication1\consoleapplication1\debug\consoleapplication1.pch
c:\users\jbhifi\desktop\consoleapplication1\consoleapplication1\debug\vc141.pdb
c:\users\jbhifi\desktop\consoleapplication1\consoleapplication1\debug\vc141.idb
c:\users\jbhifi\desktop\consoleapplication1\consoleapplication1\debug\stdafx.obj
c:\users\jbhifi\desktop\consoleapplication1\consoleapplication1\debug\adverb.obj
c:\users\jbhifi\desktop\consoleapplication1\consoleapplication1\debug\consoleapplication1.obj
c:\users\jbhifi\desktop\consoleapplication1\consoleapplication1\debug\dictionary.obj
c:\users\jbhifi\desktop\consoleapplication1\consoleapplication1\debug\noun.obj
c:\users\jbhifi\desktop\consoleapplication1\consoleapplication1\debug\nounandverb.obj
c:\users\jbhifi\desktop\consoleapplication1\consoleapplication1\debug\verb.obj
c:\users\jbhifi\desktop\consoleapplication1\consoleapplication1\debug\word.obj
c:\users\jbhifi\desktop\consoleapplication1\consoleapplication1\debug\adjective.obj
c:\users\jbhifi\desktop\consoleapplication1\consoleapplication1\debug\miscword.obj
c:\users\jbhifi\desktop\consoleapplication1\consoleapplication1\debug\preposition.obj
c:\users\jbhifi\desktop\consoleapplication1\consoleapplication1\debug\propernoun.obj
c:\users\jbhifi\desktop\consoleapplication1\debug\consoleapplication1.ilk
c:\users\jbhifi\desktop\consoleapplication1\debug\consoleapplication1.exe
c:\users\jbhifi\desktop\consoleapplication1\debug\consoleapplication1.pdb
c:\users\jbhifi\desktop\consoleapplication1\consoleapplication1\debug\vc140.idb
c:\users\jbhifi\desktop\consoleapplication1\consoleapplication1\debug\vc140.pdb
c:\users\jbhifi\desktop\consoleapplication1\consoleapplication1\debug\consolea.93de9883.tlog\cl.command.1.tlog
c:\users\jbhifi\desktop\consoleapplication1\consoleapplication1\debug\consolea.93de9883.tlog\cl.read.1.tlog
c:\users\jbhifi\desktop\consoleapplication1\consoleapplication1\debug\consolea.93de9883.tlog\cl.write.1.tlog
c:\users\jbhifi\desktop\consoleapplication1\consoleapplication1\debug\consolea.93de9883.tlog\link.command.1.tlog
c:\users\jbhifi\desktop\consoleapplication1\consoleapplication1\debug\consolea.93de9883.tlog\link.delete.1.tlog
c:\users\jbhifi\desktop\consoleapplication1\consoleapplication1\debug\consolea.93de9883.tlog\link.read.1.tlog
c:\users\jbhifi\desktop\consoleapplication1\consoleapplication1\debug\consolea.93de9883.tlog\link.write.1.tlog
